<?xml version="1.0" encoding="UTF-8"?>
<testng-results ignored="2" total="6" passed="3" failed="1" skipped="0">
  <reporter-output>
    <line>
      <![CDATA[click on Organization Link Successful]]>
    </line>
    <line>
      <![CDATA[click on create Organization lookup img successful]]>
    </line>
    <line>
      <![CDATA[create Organization with mandatory details Successful]]>
    </line>
    <line>
      <![CDATA[Navigate to contacts Link successful]]>
    </line>
    <line>
      <![CDATA[Click on create contact lookup img Successful]]>
    </line>
  </reporter-output>
  <suite started-at="2023-03-20T16:45:58 IST" name="Suite" finished-at="2023-03-20T16:49:24 IST" duration-ms="206495">
    <groups>
      <group name="SmokeSuite">
        <method signature="CreateOrganizationTest.CreateOrganizationTest()[pri:0, instance:Vitiger.Organizations.CreateOrganizationTest@3d74bf60]" name="CreateOrganizationTest" class="Vitiger.Organizations.CreateOrganizationTest"/>
      </group> <!-- SmokeSuite -->
    </groups>
    <test started-at="2023-03-20T16:45:58 IST" name="Test" finished-at="2023-03-20T16:49:24 IST" duration-ms="206495">
      <class name="Vitiger.Organizations.CreateOrganizationTest">
        <test-method is-config="true" signature="bcConfig()[pri:0, instance:Vitiger.Organizations.CreateOrganizationTest@3d74bf60]" started-at="2023-03-20T16:48:08 IST" name="bcConfig" finished-at="2023-03-20T16:48:23 IST" duration-ms="14705" status="PASS">
          <reporter-output>
          </reporter-output>
        </test-method> <!-- bcConfig -->
        <test-method is-config="true" signature="bmConfig()[pri:0, instance:Vitiger.Organizations.CreateOrganizationTest@3d74bf60]" started-at="2023-03-20T16:48:23 IST" name="bmConfig" finished-at="2023-03-20T16:48:28 IST" duration-ms="5494" status="PASS">
          <reporter-output>
          </reporter-output>
        </test-method> <!-- bmConfig -->
        <test-method signature="CreateOrganizationTest()[pri:0, instance:Vitiger.Organizations.CreateOrganizationTest@3d74bf60]" started-at="2023-03-20T16:48:28 IST" name="CreateOrganizationTest" finished-at="2023-03-20T16:48:53 IST" duration-ms="25152" status="PASS">
          <reporter-output>
          </reporter-output>
        </test-method> <!-- CreateOrganizationTest -->
        <test-method is-config="true" signature="amConfig()[pri:0, instance:Vitiger.Organizations.CreateOrganizationTest@3d74bf60]" started-at="2023-03-20T16:48:53 IST" name="amConfig" finished-at="2023-03-20T16:48:57 IST" duration-ms="3735" status="PASS">
          <reporter-output>
          </reporter-output>
        </test-method> <!-- amConfig -->
        <test-method is-config="true" signature="bmConfig()[pri:0, instance:Vitiger.Organizations.CreateOrganizationTest@3d74bf60]" started-at="2023-03-20T16:48:57 IST" name="bmConfig" finished-at="2023-03-20T16:49:02 IST" duration-ms="5454" status="PASS">
          <reporter-output>
          </reporter-output>
        </test-method> <!-- bmConfig -->
        <test-method is-config="true" signature="amConfig()[pri:0, instance:Vitiger.Organizations.CreateOrganizationTest@3d74bf60]" started-at="2023-03-20T16:49:02 IST" name="amConfig" finished-at="2023-03-20T16:49:09 IST" duration-ms="6366" status="PASS">
          <reporter-output>
          </reporter-output>
        </test-method> <!-- amConfig -->
        <test-method signature="demoScript()[pri:0, instance:Vitiger.Organizations.CreateOrganizationTest@3d74bf60]" started-at="2023-03-20T16:49:02 IST" name="demoScript" finished-at="2023-03-20T16:49:02 IST" duration-ms="0" status="PASS">
          <reporter-output>
          </reporter-output>
        </test-method> <!-- demoScript -->
        <test-method is-config="true" signature="bmConfig()[pri:0, instance:Vitiger.Organizations.CreateOrganizationTest@3d74bf60]" started-at="2023-03-20T16:49:09 IST" name="bmConfig" finished-at="2023-03-20T16:49:14 IST" duration-ms="5399" status="PASS">
          <reporter-output>
          </reporter-output>
        </test-method> <!-- bmConfig -->
        <test-method signature="regional()[pri:0, instance:Vitiger.Organizations.CreateOrganizationTest@3d74bf60]" started-at="2023-03-20T16:49:14 IST" name="regional" finished-at="2023-03-20T16:49:14 IST" duration-ms="0" status="PASS">
          <reporter-output>
          </reporter-output>
        </test-method> <!-- regional -->
        <test-method is-config="true" signature="amConfig()[pri:0, instance:Vitiger.Organizations.CreateOrganizationTest@3d74bf60]" started-at="2023-03-20T16:49:14 IST" name="amConfig" finished-at="2023-03-20T16:49:20 IST" duration-ms="6214" status="PASS">
          <reporter-output>
          </reporter-output>
        </test-method> <!-- amConfig -->
        <test-method is-config="true" signature="acConfig()[pri:0, instance:Vitiger.Organizations.CreateOrganizationTest@3d74bf60]" started-at="2023-03-20T16:49:20 IST" name="acConfig" finished-at="2023-03-20T16:49:24 IST" duration-ms="3765" status="PASS">
          <reporter-output>
          </reporter-output>
        </test-method> <!-- acConfig -->
      </class> <!-- Vitiger.Organizations.CreateOrganizationTest -->
      <class name="Vitiger.Contacts.CreateContactWithOrganizationTest">
        <test-method is-config="true" signature="bsConfig()[pri:0, instance:Vitiger.Contacts.CreateContactWithOrganizationTest@50a638b5]" started-at="2023-03-20T16:45:58 IST" name="bsConfig" finished-at="2023-03-20T16:45:58 IST" duration-ms="31" status="PASS">
          <reporter-output>
          </reporter-output>
        </test-method> <!-- bsConfig -->
        <test-method is-config="true" signature="bcConfig()[pri:0, instance:Vitiger.Contacts.CreateContactWithOrganizationTest@50a638b5]" started-at="2023-03-20T16:45:59 IST" name="bcConfig" finished-at="2023-03-20T16:46:38 IST" duration-ms="38841" status="PASS">
          <reporter-output>
          </reporter-output>
        </test-method> <!-- bcConfig -->
        <test-method is-config="true" signature="bmConfig()[pri:0, instance:Vitiger.Contacts.CreateContactWithOrganizationTest@50a638b5]" started-at="2023-03-20T16:46:38 IST" name="bmConfig" finished-at="2023-03-20T16:46:44 IST" duration-ms="6138" status="PASS">
          <reporter-output>
          </reporter-output>
        </test-method> <!-- bmConfig -->
        <test-method signature="createContactWithOrganizationTest()[pri:0, instance:Vitiger.Contacts.CreateContactWithOrganizationTest@50a638b5]" started-at="2023-03-20T16:46:44 IST" name="createContactWithOrganizationTest" finished-at="2023-03-20T16:47:58 IST" duration-ms="74543" status="FAIL">
          <exception class="org.openqa.selenium.NoSuchElementException">
            <message>
              <![CDATA[Unable to locate element: *[name='lastname']
For documentation on this error, please visit: https://selenium.dev/exceptions/#no_such_element
Build info: version: '4.8.0', revision: '267030adea'
System info: os.name: 'Windows 11', os.arch: 'amd64', os.version: '10.0', java.version: '18.0.2.1'
Driver info: org.openqa.selenium.firefox.FirefoxDriver
Command: [34e27a80-c3f0-43cd-937e-3c1fe199ab54, findElement {using=name, value=lastname}]
Capabilities {acceptInsecureCerts: true, browserName: firefox, browserVersion: 111.0, moz:accessibilityChecks: false, moz:buildID: 20230309232128, moz:debuggerAddress: 127.0.0.1:5334, moz:geckodriverVersion: 0.31.0, moz:headless: false, moz:platformVersion: 10.0, moz:processID: 9544, moz:profile: C:\Users\HP\AppData\Local\T..., moz:shutdownTimeout: 60000, moz:useNonSpecCompliantPointerOrigin: false, moz:webdriverClick: true, moz:windowless: false, pageLoadStrategy: normal, platformName: WINDOWS, proxy: Proxy(), se:cdp: ws://127.0.0.1:5334/devtool..., se:cdpVersion: 85.0, setWindowRect: true, strictFileInteractability: false, timeouts: {implicit: 0, pageLoad: 300000, script: 30000}, unhandledPromptBehavior: dismiss and notify}
Session ID: 34e27a80-c3f0-43cd-937e-3c1fe199ab54]]>
            </message>
            <full-stacktrace>
              <![CDATA[org.openqa.selenium.NoSuchElementException: Unable to locate element: *[name='lastname']
For documentation on this error, please visit: https://selenium.dev/exceptions/#no_such_element
Build info: version: '4.8.0', revision: '267030adea'
System info: os.name: 'Windows 11', os.arch: 'amd64', os.version: '10.0', java.version: '18.0.2.1'
Driver info: org.openqa.selenium.firefox.FirefoxDriver
Command: [34e27a80-c3f0-43cd-937e-3c1fe199ab54, findElement {using=name, value=lastname}]
Capabilities {acceptInsecureCerts: true, browserName: firefox, browserVersion: 111.0, moz:accessibilityChecks: false, moz:buildID: 20230309232128, moz:debuggerAddress: 127.0.0.1:5334, moz:geckodriverVersion: 0.31.0, moz:headless: false, moz:platformVersion: 10.0, moz:processID: 9544, moz:profile: C:\Users\HP\AppData\Local\T..., moz:shutdownTimeout: 60000, moz:useNonSpecCompliantPointerOrigin: false, moz:webdriverClick: true, moz:windowless: false, pageLoadStrategy: normal, platformName: WINDOWS, proxy: Proxy(), se:cdp: ws://127.0.0.1:5334/devtool..., se:cdpVersion: 85.0, setWindowRect: true, strictFileInteractability: false, timeouts: {implicit: 0, pageLoad: 300000, script: 30000}, unhandledPromptBehavior: dismiss and notify}
Session ID: 34e27a80-c3f0-43cd-937e-3c1fe199ab54
at java.base/jdk.internal.reflect.DirectConstructorHandleAccessor.newInstance(DirectConstructorHandleAccessor.java:67)
at java.base/java.lang.reflect.Constructor.newInstanceWithCaller(Constructor.java:499)
at java.base/java.lang.reflect.Constructor.newInstance(Constructor.java:483)
at org.openqa.selenium.remote.codec.w3c.W3CHttpResponseCodec.createException(W3CHttpResponseCodec.java:200)
at org.openqa.selenium.remote.codec.w3c.W3CHttpResponseCodec.decode(W3CHttpResponseCodec.java:133)
at org.openqa.selenium.remote.codec.w3c.W3CHttpResponseCodec.decode(W3CHttpResponseCodec.java:53)
at org.openqa.selenium.remote.HttpCommandExecutor.execute(HttpCommandExecutor.java:184)
at org.openqa.selenium.remote.service.DriverCommandExecutor.invokeExecute(DriverCommandExecutor.java:167)
at org.openqa.selenium.remote.service.DriverCommandExecutor.execute(DriverCommandExecutor.java:142)
at org.openqa.selenium.remote.RemoteWebDriver.execute(RemoteWebDriver.java:543)
at org.openqa.selenium.remote.ElementLocation$ElementFinder$2.findElement(ElementLocation.java:162)
at org.openqa.selenium.remote.ElementLocation.findElement(ElementLocation.java:60)
at org.openqa.selenium.remote.RemoteWebDriver.findElement(RemoteWebDriver.java:352)
at org.openqa.selenium.remote.RemoteWebDriver.findElement(RemoteWebDriver.java:344)
at org.openqa.selenium.support.pagefactory.DefaultElementLocator.findElement(DefaultElementLocator.java:70)
at org.openqa.selenium.support.pagefactory.internal.LocatingElementHandler.invoke(LocatingElementHandler.java:39)
at jdk.proxy2/jdk.proxy2.$Proxy20.sendKeys(Unknown Source)
at vitiger.ObjectRepository.CreateNewContactPage.createNewContact(CreateNewContactPage.java:75)
at Vitiger.Contacts.CreateContactWithOrganizationTest.createContactWithOrganizationTest(CreateContactWithOrganizationTest.java:59)
at java.base/jdk.internal.reflect.DirectMethodHandleAccessor.invoke(DirectMethodHandleAccessor.java:104)
at java.base/java.lang.reflect.Method.invoke(Method.java:577)
at org.testng.internal.MethodInvocationHelper.invokeMethod(MethodInvocationHelper.java:133)
at org.testng.internal.TestInvoker.invokeMethod(TestInvoker.java:598)
at org.testng.internal.TestInvoker.invokeTestMethod(TestInvoker.java:173)
at org.testng.internal.MethodRunner.runInSequence(MethodRunner.java:46)
at org.testng.internal.TestInvoker$MethodInvocationAgent.invoke(TestInvoker.java:824)
at org.testng.internal.TestInvoker.invokeTestMethods(TestInvoker.java:146)
at org.testng.internal.TestMethodWorker.invokeTestMethods(TestMethodWorker.java:146)
at org.testng.internal.TestMethodWorker.run(TestMethodWorker.java:128)
at java.base/java.util.ArrayList.forEach(ArrayList.java:1511)
at org.testng.TestRunner.privateRun(TestRunner.java:794)
at org.testng.TestRunner.run(TestRunner.java:596)
at org.testng.SuiteRunner.runTest(SuiteRunner.java:377)
at org.testng.SuiteRunner.runSequentially(SuiteRunner.java:371)
at org.testng.SuiteRunner.privateRun(SuiteRunner.java:332)
at org.testng.SuiteRunner.run(SuiteRunner.java:276)
at org.testng.SuiteRunnerWorker.runSuite(SuiteRunnerWorker.java:53)
at org.testng.SuiteRunnerWorker.run(SuiteRunnerWorker.java:96)
at org.testng.TestNG.runSuitesSequentially(TestNG.java:1212)
at org.testng.TestNG.runSuitesLocally(TestNG.java:1134)
at org.testng.TestNG.runSuites(TestNG.java:1063)
at org.testng.TestNG.run(TestNG.java:1031)
at org.apache.maven.surefire.testng.TestNGExecutor.run(TestNGExecutor.java:308)
at org.apache.maven.surefire.testng.TestNGXmlTestSuite.execute(TestNGXmlTestSuite.java:71)
at org.apache.maven.surefire.testng.TestNGProvider.invoke(TestNGProvider.java:113)
at org.apache.maven.surefire.booter.ForkedBooter.runSuitesInProcess(ForkedBooter.java:385)
at org.apache.maven.surefire.booter.ForkedBooter.execute(ForkedBooter.java:162)
at org.apache.maven.surefire.booter.ForkedBooter.run(ForkedBooter.java:507)
at org.apache.maven.surefire.booter.ForkedBooter.main(ForkedBooter.java:495)
]]>
            </full-stacktrace>
          </exception> <!-- org.openqa.selenium.NoSuchElementException -->
          <reporter-output>
            <line>
              <![CDATA[click on Organization Link Successful]]>
            </line>
            <line>
              <![CDATA[click on create Organization lookup img successful]]>
            </line>
            <line>
              <![CDATA[create Organization with mandatory details Successful]]>
            </line>
            <line>
              <![CDATA[Navigate to contacts Link successful]]>
            </line>
            <line>
              <![CDATA[Click on create contact lookup img Successful]]>
            </line>
          </reporter-output>
        </test-method> <!-- createContactWithOrganizationTest -->
        <test-method is-config="true" signature="amConfig()[pri:0, instance:Vitiger.Contacts.CreateContactWithOrganizationTest@50a638b5]" started-at="2023-03-20T16:47:59 IST" name="amConfig" finished-at="2023-03-20T16:48:04 IST" duration-ms="4547" status="PASS">
          <reporter-output>
          </reporter-output>
        </test-method> <!-- amConfig -->
        <test-method is-config="true" signature="acConfig()[pri:0, instance:Vitiger.Contacts.CreateContactWithOrganizationTest@50a638b5]" started-at="2023-03-20T16:48:04 IST" name="acConfig" finished-at="2023-03-20T16:48:08 IST" duration-ms="4046" status="PASS">
          <reporter-output>
          </reporter-output>
        </test-method> <!-- acConfig -->
        <test-method is-config="true" signature="asConfig()[pri:0, instance:Vitiger.Contacts.CreateContactWithOrganizationTest@50a638b5]" started-at="2023-03-20T16:49:27 IST" name="asConfig" finished-at="2023-03-20T16:49:27 IST" duration-ms="1" status="PASS">
          <reporter-output>
          </reporter-output>
        </test-method> <!-- asConfig -->
      </class> <!-- Vitiger.Contacts.CreateContactWithOrganizationTest -->
    </test> <!-- Test -->
  </suite> <!-- Suite -->
</testng-results>
