<?xml version="1.0" encoding="UTF-8"?>
<testsuite xmlns:xsi="http://www.w3.org/2001/XMLSchema-instance" xsi:noNamespaceSchemaLocation="https://maven.apache.org/surefire/maven-surefire-plugin/xsd/surefire-test-report-3.0.xsd" version="3.0" name="Vitiger.Organizations.CreateOrganizationTest" time="27.641" tests="1" errors="0" skipped="0" failures="0">
  <properties>
[...]
</properties>
  <testcase name="demoScript" classname="Vitiger.Organizations.CreateOrganizationTest" time="0.243">
    <system-out><![CDATA[---Data connection successfully---
suit execution started
----- firefox Launched successfully-----
----- Login successful -----
demoScript---Execution Stared
Demo
demoScript---passed
]]></system-out>
    <system-err><![CDATA[SLF4J: Failed to load class "org.slf4j.impl.StaticLoggerBinder".
SLF4J: Defaulting to no-operation (NOP) logger implementation
SLF4J: See http://www.slf4j.org/codes.html#StaticLoggerBinder for further details.
1679040890504	geckodriver	INFO	Listening on 127.0.0.1:43675
1679040891154	mozrunner::runner	INFO	Running command: "C:\\Program Files\\Mozilla Firefox\\firefox.exe" "--marionette" "--remote-debugging-port" "1717" "--remote-allow-hosts" "localhost" "--remote-allow-origins" "http://127.0.0.1:1717/,http://localhost:1717/,http://[::1]:1717/" "-no-remote" "-profile" "C:\\Users\\HP\\AppData\\Local\\Temp\\rust_mozprofileSK7Ld0"
console.warn: services.settings: Ignoring preference override of remote settings server
console.warn: services.settings: Allow by setting MOZ_REMOTE_SETTINGS_DEVTOOLS=1 in the environment
1679040891968	Marionette	INFO	Marionette enabled
Dynamically enable window occlusion 0
1679040891983	Marionette	INFO	Listening on port 49997
Read port: 49997
WebDriver BiDi listening on ws://127.0.0.1:1717
1679040892369	RemoteAgent	WARN	TLS certificate errors will be ignored for this session
console.warn: SearchSettings: "get: No settings file exists, new profile?" (new NotFoundError("Could not open the file at C:\\Users\\HP\\AppData\\Local\\Temp\\rust_mozprofileSK7Ld0\\search.json.mozlz4", (void 0)))
DevTools listening on ws://127.0.0.1:1717/devtools/browser/83c169a5-bd2c-4995-81be-45afc73ae016
console.warn: LoginRecipes: "Falling back to a synchronous message for: http://localhost:8888."
console.warn: LoginRecipes: "Falling back to a synchronous message for: http://localhost:8888."
JavaScript warning: http://localhost:8888/jscalendar/calendar.js, line 1695: unreachable code after return statement
]]></system-err>
  </testcase>
</testsuite>